<?xml version="1.0" encoding="UTF-8"?>
<!-- Generated by org.testng.reporters.JUnitReportReporter -->
<testsuite hostname="DESKTOP-ONVTQR1" failures="0" tests="2" name="com.training.sanity.tests.SubscriptionManagementPage" time="1.806" errors="0" timestamp="2023-04-13T08:40:18 IST" skipped="1">
  <testcase classname="com.training.sanity.tests.SubscriptionManagementPage" name="subscriptionPage" time="1.806"/>
  <system-out/>
  <testcase classname="com.training.sanity.tests.SubscriptionManagementPage" name="validLoginTest">
    <skipped/>
  </testcase> <!-- validLoginTest -->
  <system-out/>
</testsuite> <!-- com.training.sanity.tests.SubscriptionManagementPage -->
